{"C:\\baekjoon\\express-projects-renewal\\node-toy-projects\\intergration-test\\esModule\\index.js": {"path":"C:\\baekjoon\\express-projects-renewal\\node-toy-projects\\intergration-test\\esModule\\index.js","statementMap":{"0":{"start":{"line":8,"column":15},"end":{"line":8,"column":41}},"1":{"start":{"line":9,"column":0},"end":{"line":9,"column":9}},"2":{"start":{"line":10,"column":0},"end":{"line":10,"column":15}},"3":{"start":{"line":11,"column":26},"end":{"line":23,"column":2}},"4":{"start":{"line":24,"column":0},"end":{"line":24,"column":9}},"5":{"start":{"line":25,"column":0},"end":{"line":25,"column":23}},"6":{"start":{"line":26,"column":0},"end":{"line":26,"column":26}},"7":{"start":{"line":27,"column":0},"end":{"line":27,"column":16}},"8":{"start":{"line":28,"column":0},"end":{"line":28,"column":30}},"9":{"start":{"line":29,"column":0},"end":{"line":29,"column":27}},"10":{"start":{"line":30,"column":0},"end":{"line":30,"column":29}}},"fnMap":{},"branchMap":{},"s":{"0":1,"1":1,"2":1,"3":1,"4":1,"5":1,"6":1,"7":1,"8":1,"9":1,"10":1},"f":{},"b":{},"_coverageSchema":"1a1c01bbd47fc00a2c39e90264f33305004495a9","hash":"3659cdc73b1a712c9b0e253ea80404bcf7c4839b"}
,"C:\\baekjoon\\express-projects-renewal\\node-toy-projects\\intergration-test\\esModule\\config\\dotenv\\index.js": {"path":"C:\\baekjoon\\express-projects-renewal\\node-toy-projects\\intergration-test\\esModule\\config\\dotenv\\index.js","statementMap":{"0":{"start":{"line":5,"column":0},"end":{"line":18,"column":1}},"1":{"start":{"line":6,"column":2},"end":{"line":16,"column":3}},"2":{"start":{"line":8,"column":6},"end":{"line":8,"column":65}},"3":{"start":{"line":9,"column":6},"end":{"line":9,"column":12}},"4":{"start":{"line":11,"column":6},"end":{"line":11,"column":66}},"5":{"start":{"line":12,"column":6},"end":{"line":12,"column":12}},"6":{"start":{"line":14,"column":6},"end":{"line":14,"column":65}},"7":{"start":{"line":15,"column":6},"end":{"line":15,"column":12}},"8":{"start":{"line":17,"column":2},"end":{"line":17,"column":52}}},"fnMap":{"0":{"name":"(anonymous_0)","decl":{"start":{"line":5,"column":17},"end":{"line":5,"column":18}},"loc":{"start":{"line":5,"column":21},"end":{"line":18,"column":1}},"line":5}},"branchMap":{"0":{"loc":{"start":{"line":6,"column":2},"end":{"line":16,"column":3}},"type":"switch","locations":[{"start":{"line":7,"column":4},"end":{"line":9,"column":12}},{"start":{"line":10,"column":4},"end":{"line":12,"column":12}},{"start":{"line":13,"column":4},"end":{"line":15,"column":12}}],"line":6}},"s":{"0":1,"1":1,"2":0,"3":0,"4":1,"5":1,"6":0,"7":0,"8":1},"f":{"0":1},"b":{"0":[0,1,0]},"_coverageSchema":"1a1c01bbd47fc00a2c39e90264f33305004495a9","hash":"d1705ed1e75586f9a7134fb41caff02c94f9f879"}
,"C:\\baekjoon\\express-projects-renewal\\node-toy-projects\\intergration-test\\esModule\\controllers\\user.js": {"path":"C:\\baekjoon\\express-projects-renewal\\node-toy-projects\\intergration-test\\esModule\\controllers\\user.js","statementMap":{"0":{"start":{"line":6,"column":15},"end":{"line":6,"column":31}},"1":{"start":{"line":8,"column":17},"end":{"line":35,"column":1}},"2":{"start":{"line":9,"column":4},"end":{"line":9,"column":26}},"3":{"start":{"line":10,"column":31},"end":{"line":10,"column":39}},"4":{"start":{"line":11,"column":20},"end":{"line":14,"column":6}},"5":{"start":{"line":16,"column":4},"end":{"line":34,"column":5}},"6":{"start":{"line":17,"column":8},"end":{"line":17,"column":29}},"7":{"start":{"line":18,"column":8},"end":{"line":21,"column":11}},"8":{"start":{"line":23,"column":8},"end":{"line":28,"column":9}},"9":{"start":{"line":24,"column":12},"end":{"line":27,"column":15}},"10":{"start":{"line":29,"column":8},"end":{"line":29,"column":29}},"11":{"start":{"line":30,"column":8},"end":{"line":33,"column":11}},"12":{"start":{"line":37,"column":18},"end":{"line":53,"column":1}},"13":{"start":{"line":38,"column":4},"end":{"line":52,"column":23}},"14":{"start":{"line":39,"column":8},"end":{"line":42,"column":9}},"15":{"start":{"line":40,"column":12},"end":{"line":40,"column":33}},"16":{"start":{"line":41,"column":12},"end":{"line":41,"column":31}},"17":{"start":{"line":43,"column":8},"end":{"line":45,"column":9}},"18":{"start":{"line":44,"column":12},"end":{"line":44,"column":52}},"19":{"start":{"line":46,"column":8},"end":{"line":51,"column":11}},"20":{"start":{"line":47,"column":12},"end":{"line":49,"column":13}},"21":{"start":{"line":48,"column":16},"end":{"line":48,"column":35}},"22":{"start":{"line":50,"column":12},"end":{"line":50,"column":52}},"23":{"start":{"line":55,"column":19},"end":{"line":62,"column":1}},"24":{"start":{"line":56,"column":4},"end":{"line":56,"column":17}},"25":{"start":{"line":57,"column":4},"end":{"line":57,"column":26}},"26":{"start":{"line":58,"column":4},"end":{"line":61,"column":7}}},"fnMap":{"0":{"name":"(anonymous_0)","decl":{"start":{"line":8,"column":17},"end":{"line":8,"column":18}},"loc":{"start":{"line":8,"column":37},"end":{"line":35,"column":1}},"line":8},"1":{"name":"(anonymous_1)","decl":{"start":{"line":37,"column":18},"end":{"line":37,"column":19}},"loc":{"start":{"line":37,"column":44},"end":{"line":53,"column":1}},"line":37},"2":{"name":"(anonymous_2)","decl":{"start":{"line":38,"column":35},"end":{"line":38,"column":36}},"loc":{"start":{"line":38,"column":58},"end":{"line":52,"column":5}},"line":38},"3":{"name":"(anonymous_3)","decl":{"start":{"line":46,"column":24},"end":{"line":46,"column":25}},"loc":{"start":{"line":46,"column":35},"end":{"line":51,"column":9}},"line":46},"4":{"name":"(anonymous_4)","decl":{"start":{"line":55,"column":19},"end":{"line":55,"column":20}},"loc":{"start":{"line":55,"column":33},"end":{"line":62,"column":1}},"line":55}},"branchMap":{"0":{"loc":{"start":{"line":23,"column":8},"end":{"line":28,"column":9}},"type":"if","locations":[{"start":{"line":23,"column":8},"end":{"line":28,"column":9}},{"start":{},"end":{}}],"line":23},"1":{"loc":{"start":{"line":23,"column":12},"end":{"line":23,"column":69}},"type":"binary-expr","locations":[{"start":{"line":23,"column":12},"end":{"line":23,"column":45}},{"start":{"line":23,"column":49},"end":{"line":23,"column":69}}],"line":23},"2":{"loc":{"start":{"line":39,"column":8},"end":{"line":42,"column":9}},"type":"if","locations":[{"start":{"line":39,"column":8},"end":{"line":42,"column":9}},{"start":{},"end":{}}],"line":39},"3":{"loc":{"start":{"line":43,"column":8},"end":{"line":45,"column":9}},"type":"if","locations":[{"start":{"line":43,"column":8},"end":{"line":45,"column":9}},{"start":{},"end":{}}],"line":43},"4":{"loc":{"start":{"line":47,"column":12},"end":{"line":49,"column":13}},"type":"if","locations":[{"start":{"line":47,"column":12},"end":{"line":49,"column":13}},{"start":{},"end":{}}],"line":47}},"s":{"0":2,"1":2,"2":8,"3":8,"4":8,"5":8,"6":8,"7":6,"8":2,"9":2,"10":0,"11":0,"12":2,"13":6,"14":6,"15":0,"16":0,"17":6,"18":4,"19":2,"20":2,"21":0,"22":2,"23":2,"24":0,"25":0,"26":0},"f":{"0":8,"1":6,"2":6,"3":2,"4":0},"b":{"0":[2,0],"1":[2,2],"2":[0,6],"3":[4,2],"4":[0,2]},"_coverageSchema":"1a1c01bbd47fc00a2c39e90264f33305004495a9","hash":"719d75209ecae4a51bcf773d2e1da321ae1a67a3"}
,"C:\\baekjoon\\express-projects-renewal\\node-toy-projects\\intergration-test\\esModule\\middlewares\\apiAuthMiddleware.js": {"path":"C:\\baekjoon\\express-projects-renewal\\node-toy-projects\\intergration-test\\esModule\\middlewares\\apiAuthMiddleware.js","statementMap":{"0":{"start":{"line":1,"column":31},"end":{"line":9,"column":1}},"1":{"start":{"line":2,"column":2},"end":{"line":4,"column":3}},"2":{"start":{"line":3,"column":4},"end":{"line":3,"column":18}},"3":{"start":{"line":5,"column":2},"end":{"line":8,"column":5}},"4":{"start":{"line":11,"column":34},"end":{"line":19,"column":1}},"5":{"start":{"line":12,"column":2},"end":{"line":14,"column":3}},"6":{"start":{"line":13,"column":4},"end":{"line":13,"column":18}},"7":{"start":{"line":15,"column":2},"end":{"line":18,"column":5}}},"fnMap":{"0":{"name":"(anonymous_0)","decl":{"start":{"line":1,"column":31},"end":{"line":1,"column":32}},"loc":{"start":{"line":1,"column":51},"end":{"line":9,"column":1}},"line":1},"1":{"name":"(anonymous_1)","decl":{"start":{"line":11,"column":34},"end":{"line":11,"column":35}},"loc":{"start":{"line":11,"column":54},"end":{"line":19,"column":1}},"line":11}},"branchMap":{"0":{"loc":{"start":{"line":2,"column":2},"end":{"line":4,"column":3}},"type":"if","locations":[{"start":{"line":2,"column":2},"end":{"line":4,"column":3}},{"start":{},"end":{}}],"line":2},"1":{"loc":{"start":{"line":12,"column":2},"end":{"line":14,"column":3}},"type":"if","locations":[{"start":{"line":12,"column":2},"end":{"line":14,"column":3}},{"start":{},"end":{}}],"line":12}},"s":{"0":2,"1":2,"2":1,"3":1,"4":2,"5":11,"6":10,"7":1},"f":{"0":2,"1":11},"b":{"0":[1,1],"1":[10,1]},"_coverageSchema":"1a1c01bbd47fc00a2c39e90264f33305004495a9","hash":"6f258a8b200b67e80649d05326bd23ed7b7160c7"}
,"C:\\baekjoon\\express-projects-renewal\\node-toy-projects\\intergration-test\\esModule\\middlewares\\socketAuthMiddleware.js": {"path":"C:\\baekjoon\\express-projects-renewal\\node-toy-projects\\intergration-test\\esModule\\middlewares\\socketAuthMiddleware.js","statementMap":{"0":{"start":{"line":1,"column":31},"end":{"line":9,"column":1}},"1":{"start":{"line":2,"column":2},"end":{"line":4,"column":3}},"2":{"start":{"line":3,"column":4},"end":{"line":3,"column":18}},"3":{"start":{"line":5,"column":2},"end":{"line":8,"column":7}},"4":{"start":{"line":11,"column":34},"end":{"line":19,"column":1}},"5":{"start":{"line":12,"column":2},"end":{"line":14,"column":3}},"6":{"start":{"line":13,"column":4},"end":{"line":13,"column":18}},"7":{"start":{"line":15,"column":2},"end":{"line":18,"column":7}}},"fnMap":{"0":{"name":"(anonymous_0)","decl":{"start":{"line":1,"column":31},"end":{"line":1,"column":32}},"loc":{"start":{"line":1,"column":49},"end":{"line":9,"column":1}},"line":1},"1":{"name":"(anonymous_1)","decl":{"start":{"line":11,"column":34},"end":{"line":11,"column":35}},"loc":{"start":{"line":11,"column":52},"end":{"line":19,"column":1}},"line":11}},"branchMap":{"0":{"loc":{"start":{"line":2,"column":2},"end":{"line":4,"column":3}},"type":"if","locations":[{"start":{"line":2,"column":2},"end":{"line":4,"column":3}},{"start":{},"end":{}}],"line":2},"1":{"loc":{"start":{"line":12,"column":2},"end":{"line":14,"column":3}},"type":"if","locations":[{"start":{"line":12,"column":2},"end":{"line":14,"column":3}},{"start":{},"end":{}}],"line":12}},"s":{"0":1,"1":2,"2":1,"3":1,"4":1,"5":2,"6":1,"7":1},"f":{"0":2,"1":2},"b":{"0":[1,1],"1":[1,1]},"_coverageSchema":"1a1c01bbd47fc00a2c39e90264f33305004495a9","hash":"47740d77e167dd8266ba3d8d043247fff9e9f6c8"}
,"C:\\baekjoon\\express-projects-renewal\\node-toy-projects\\intergration-test\\esModule\\passport\\index.js": {"path":"C:\\baekjoon\\express-projects-renewal\\node-toy-projects\\intergration-test\\esModule\\passport\\index.js","statementMap":{"0":{"start":{"line":6,"column":4},"end":{"line":8,"column":7}},"1":{"start":{"line":7,"column":8},"end":{"line":7,"column":29}},"2":{"start":{"line":10,"column":4},"end":{"line":17,"column":7}},"3":{"start":{"line":11,"column":8},"end":{"line":16,"column":9}},"4":{"start":{"line":12,"column":29},"end":{"line":12,"column":56}},"5":{"start":{"line":13,"column":12},"end":{"line":13,"column":33}},"6":{"start":{"line":15,"column":12},"end":{"line":15,"column":22}},"7":{"start":{"line":19,"column":4},"end":{"line":19,"column":12}}},"fnMap":{"0":{"name":"configurePassport","decl":{"start":{"line":5,"column":24},"end":{"line":5,"column":41}},"loc":{"start":{"line":5,"column":44},"end":{"line":20,"column":1}},"line":5},"1":{"name":"(anonymous_1)","decl":{"start":{"line":6,"column":27},"end":{"line":6,"column":28}},"loc":{"start":{"line":6,"column":43},"end":{"line":8,"column":5}},"line":6},"2":{"name":"(anonymous_2)","decl":{"start":{"line":10,"column":29},"end":{"line":10,"column":30}},"loc":{"start":{"line":10,"column":50},"end":{"line":17,"column":5}},"line":10}},"branchMap":{},"s":{"0":1,"1":1,"2":1,"3":0,"4":0,"5":0,"6":0,"7":1},"f":{"0":1,"1":1,"2":0},"b":{},"_coverageSchema":"1a1c01bbd47fc00a2c39e90264f33305004495a9","hash":"d4e74a3c21316f48fc26ab9089ea7526aa262fd6"}
,"C:\\baekjoon\\express-projects-renewal\\node-toy-projects\\intergration-test\\esModule\\passport\\localStrategy.js": {"path":"C:\\baekjoon\\express-projects-renewal\\node-toy-projects\\intergration-test\\esModule\\passport\\localStrategy.js","statementMap":{"0":{"start":{"line":7,"column":4},"end":{"line":27,"column":8}},"1":{"start":{"line":11,"column":8},"end":{"line":26,"column":9}},"2":{"start":{"line":12,"column":29},"end":{"line":12,"column":57}},"3":{"start":{"line":13,"column":12},"end":{"line":22,"column":13}},"4":{"start":{"line":14,"column":28},"end":{"line":14,"column":77}},"5":{"start":{"line":15,"column":16},"end":{"line":19,"column":17}},"6":{"start":{"line":16,"column":20},"end":{"line":16,"column":75}},"7":{"start":{"line":18,"column":20},"end":{"line":18,"column":82}},"8":{"start":{"line":21,"column":16},"end":{"line":21,"column":79}},"9":{"start":{"line":24,"column":12},"end":{"line":24,"column":33}},"10":{"start":{"line":25,"column":12},"end":{"line":25,"column":24}}},"fnMap":{"0":{"name":"configureLocalStrategy","decl":{"start":{"line":6,"column":24},"end":{"line":6,"column":46}},"loc":{"start":{"line":6,"column":49},"end":{"line":28,"column":1}},"line":6},"1":{"name":"(anonymous_1)","decl":{"start":{"line":10,"column":7},"end":{"line":10,"column":8}},"loc":{"start":{"line":10,"column":39},"end":{"line":27,"column":5}},"line":10}},"branchMap":{"0":{"loc":{"start":{"line":13,"column":12},"end":{"line":22,"column":13}},"type":"if","locations":[{"start":{"line":13,"column":12},"end":{"line":22,"column":13}},{"start":{"line":20,"column":19},"end":{"line":22,"column":13}}],"line":13},"1":{"loc":{"start":{"line":15,"column":16},"end":{"line":19,"column":17}},"type":"if","locations":[{"start":{"line":15,"column":16},"end":{"line":19,"column":17}},{"start":{"line":17,"column":23},"end":{"line":19,"column":17}}],"line":15}},"s":{"0":1,"1":3,"2":3,"3":3,"4":2,"5":2,"6":1,"7":1,"8":1,"9":0,"10":0},"f":{"0":1,"1":3},"b":{"0":[2,1],"1":[1,1]},"_coverageSchema":"1a1c01bbd47fc00a2c39e90264f33305004495a9","hash":"16710475176d8a0f0856329e491d69549a80626f"}
,"C:\\baekjoon\\express-projects-renewal\\node-toy-projects\\intergration-test\\esModule\\routes\\user.js": {"path":"C:\\baekjoon\\express-projects-renewal\\node-toy-projects\\intergration-test\\esModule\\routes\\user.js","statementMap":{"0":{"start":{"line":5,"column":15},"end":{"line":5,"column":31}},"1":{"start":{"line":7,"column":0},"end":{"line":7,"column":51}},"2":{"start":{"line":8,"column":0},"end":{"line":8,"column":53}},"3":{"start":{"line":9,"column":0},"end":{"line":9,"column":51}}},"fnMap":{},"branchMap":{},"s":{"0":1,"1":1,"2":1,"3":1},"f":{},"b":{},"_coverageSchema":"1a1c01bbd47fc00a2c39e90264f33305004495a9","hash":"bd0480b3f2878d177c2f174ae10777b17ef701db"}
,"C:\\baekjoon\\express-projects-renewal\\node-toy-projects\\intergration-test\\esModule\\schemas\\index.js": {"path":"C:\\baekjoon\\express-projects-renewal\\node-toy-projects\\intergration-test\\esModule\\schemas\\index.js","statementMap":{"0":{"start":{"line":3,"column":0},"end":{"line":3,"column":15}},"1":{"start":{"line":5,"column":16},"end":{"line":20,"column":1}},"2":{"start":{"line":6,"column":4},"end":{"line":12,"column":6}},"3":{"start":{"line":8,"column":8},"end":{"line":8,"column":36}},"4":{"start":{"line":11,"column":8},"end":{"line":11,"column":26}},"5":{"start":{"line":13,"column":4},"end":{"line":15,"column":6}},"6":{"start":{"line":14,"column":8},"end":{"line":14,"column":26}},"7":{"start":{"line":16,"column":4},"end":{"line":19,"column":6}},"8":{"start":{"line":17,"column":8},"end":{"line":17,"column":39}},"9":{"start":{"line":18,"column":8},"end":{"line":18,"column":17}}},"fnMap":{"0":{"name":"(anonymous_0)","decl":{"start":{"line":5,"column":16},"end":{"line":5,"column":17}},"loc":{"start":{"line":5,"column":20},"end":{"line":20,"column":1}},"line":5},"1":{"name":"(anonymous_1)","decl":{"start":{"line":7,"column":10},"end":{"line":7,"column":11}},"loc":{"start":{"line":7,"column":14},"end":{"line":9,"column":5}},"line":7},"2":{"name":"(anonymous_2)","decl":{"start":{"line":10,"column":11},"end":{"line":10,"column":12}},"loc":{"start":{"line":10,"column":20},"end":{"line":12,"column":5}},"line":10},"3":{"name":"(anonymous_3)","decl":{"start":{"line":13,"column":36},"end":{"line":13,"column":37}},"loc":{"start":{"line":13,"column":45},"end":{"line":15,"column":5}},"line":13},"4":{"name":"(anonymous_4)","decl":{"start":{"line":16,"column":43},"end":{"line":16,"column":44}},"loc":{"start":{"line":16,"column":47},"end":{"line":19,"column":5}},"line":16}},"branchMap":{},"s":{"0":1,"1":1,"2":1,"3":1,"4":0,"5":1,"6":0,"7":1,"8":0,"9":0},"f":{"0":1,"1":1,"2":0,"3":0,"4":0},"b":{},"_coverageSchema":"1a1c01bbd47fc00a2c39e90264f33305004495a9","hash":"fa2977730c51fdf88e2f401304c3de6628d15efd"}
,"C:\\baekjoon\\express-projects-renewal\\node-toy-projects\\intergration-test\\esModule\\schemas\\user.js": {"path":"C:\\baekjoon\\express-projects-renewal\\node-toy-projects\\intergration-test\\esModule\\schemas\\user.js","statementMap":{"0":{"start":{"line":2,"column":17},"end":{"line":2,"column":25}},"1":{"start":{"line":3,"column":19},"end":{"line":13,"column":2}}},"fnMap":{},"branchMap":{},"s":{"0":2,"1":2},"f":{},"b":{},"_coverageSchema":"1a1c01bbd47fc00a2c39e90264f33305004495a9","hash":"565e68155c5d1a3d9f158cfaa4e68b15b3589192"}
}
