TN:
SF:index.js
FNF:0
FNH:0
DA:9,1
DA:10,1
DA:11,1
DA:24,1
DA:25,1
DA:26,1
DA:27,1
DA:28,1
DA:29,1
DA:30,1
LF:10
LH:10
BRF:0
BRH:0
end_of_record
TN:
SF:config\dotenv\index.js
FN:5,(anonymous_0)
FNF:1
FNH:1
FNDA:1,(anonymous_0)
DA:6,1
DA:7,1
DA:9,0
DA:10,0
DA:12,1
DA:13,1
DA:15,0
DA:16,0
DA:18,1
LF:9
LH:5
BRDA:7,0,0,0
BRDA:7,0,1,1
BRDA:7,0,2,0
BRF:3
BRH:1
end_of_record
TN:
SF:controllers\user.js
FN:8,(anonymous_0)
FN:37,(anonymous_1)
FN:38,(anonymous_2)
FN:46,(anonymous_3)
FN:55,(anonymous_4)
FNF:5
FNH:4
FNDA:8,(anonymous_0)
FNDA:6,(anonymous_1)
FNDA:6,(anonymous_2)
FNDA:2,(anonymous_3)
FNDA:0,(anonymous_4)
DA:6,2
DA:8,2
DA:9,8
DA:10,8
DA:11,8
DA:16,8
DA:17,8
DA:18,6
DA:23,2
DA:24,2
DA:29,0
DA:30,0
DA:37,2
DA:38,6
DA:39,6
DA:40,0
DA:41,0
DA:43,6
DA:44,4
DA:46,2
DA:47,2
DA:48,0
DA:50,2
DA:55,2
DA:56,0
DA:57,0
DA:58,0
LF:27
LH:19
BRDA:23,0,0,2
BRDA:23,0,1,0
BRDA:23,1,0,2
BRDA:23,1,1,2
BRDA:39,2,0,0
BRDA:39,2,1,6
BRDA:43,3,0,4
BRDA:43,3,1,2
BRDA:47,4,0,0
BRDA:47,4,1,2
BRF:10
BRH:7
end_of_record
TN:
SF:middlewares\apiAuthMiddleware.js
FN:1,(anonymous_0)
FN:11,(anonymous_1)
FNF:2
FNH:2
FNDA:2,(anonymous_0)
FNDA:11,(anonymous_1)
DA:1,2
DA:2,2
DA:3,1
DA:5,1
DA:11,2
DA:12,11
DA:13,10
DA:15,1
LF:8
LH:8
BRDA:2,0,0,1
BRDA:2,0,1,1
BRDA:12,1,0,10
BRDA:12,1,1,1
BRF:4
BRH:4
end_of_record
TN:
SF:middlewares\socketAuthMiddleware.js
FN:1,(anonymous_0)
FN:11,(anonymous_1)
FNF:2
FNH:2
FNDA:2,(anonymous_0)
FNDA:2,(anonymous_1)
DA:1,1
DA:2,2
DA:3,1
DA:5,1
DA:11,1
DA:12,2
DA:13,1
DA:15,1
LF:8
LH:8
BRDA:2,0,0,1
BRDA:2,0,1,1
BRDA:12,1,0,1
BRDA:12,1,1,1
BRF:4
BRH:4
end_of_record
TN:
SF:passport\index.js
FN:5,configurePassport
FN:6,(anonymous_1)
FN:10,(anonymous_2)
FNF:3
FNH:2
FNDA:1,configurePassport
FNDA:1,(anonymous_1)
FNDA:0,(anonymous_2)
DA:6,1
DA:7,1
DA:10,1
DA:11,0
DA:12,0
DA:13,0
DA:15,0
DA:19,1
LF:8
LH:4
BRF:0
BRH:0
end_of_record
TN:
SF:passport\localStrategy.js
FN:6,configureLocalStrategy
FN:10,(anonymous_1)
FNF:2
FNH:2
FNDA:1,configureLocalStrategy
FNDA:3,(anonymous_1)
DA:7,1
DA:11,3
DA:12,3
DA:13,3
DA:14,2
DA:15,2
DA:16,1
DA:18,1
DA:21,1
DA:24,0
DA:25,0
LF:11
LH:9
BRDA:13,0,0,2
BRDA:13,0,1,1
BRDA:15,1,0,1
BRDA:15,1,1,1
BRF:4
BRH:4
end_of_record
TN:
SF:routes\user.js
FNF:0
FNH:0
DA:5,1
DA:7,1
DA:8,1
DA:9,1
LF:4
LH:4
BRF:0
BRH:0
end_of_record
TN:
SF:schemas\index.js
FN:5,(anonymous_0)
FN:7,(anonymous_1)
FN:10,(anonymous_2)
FN:13,(anonymous_3)
FN:16,(anonymous_4)
FNF:5
FNH:2
FNDA:1,(anonymous_0)
FNDA:1,(anonymous_1)
FNDA:0,(anonymous_2)
FNDA:0,(anonymous_3)
FNDA:0,(anonymous_4)
DA:3,1
DA:5,1
DA:6,1
DA:8,1
DA:11,0
DA:13,1
DA:14,0
DA:16,1
DA:17,0
DA:18,0
LF:10
LH:6
BRF:0
BRH:0
end_of_record
TN:
SF:schemas\user.js
FNF:0
FNH:0
DA:2,2
DA:3,2
LF:2
LH:2
BRF:0
BRH:0
end_of_record
