TN:
SF:server.js
FN:24,(anonymous_0)
FNF:1
FNH:0
FNDA:0,(anonymous_0)
DA:11,1
DA:12,1
DA:15,1
DA:17,1
DA:18,1
DA:19,1
DA:20,1
DA:21,1
DA:22,1
DA:23,1
DA:24,1
DA:25,0
DA:26,0
LF:13
LH:11
BRF:0
BRH:0
end_of_record
TN:
SF:socket.js
FN:11,(anonymous_0)
FN:20,(anonymous_1)
FN:26,(anonymous_2)
FN:29,(anonymous_3)
FN:32,(anonymous_4)
FN:41,(anonymous_5)
FN:78,(anonymous_6)
FN:88,(anonymous_7)
FN:97,(anonymous_8)
FN:100,(anonymous_9)
FNF:10
FNH:5
FNDA:2,(anonymous_0)
FNDA:3,(anonymous_1)
FNDA:1,(anonymous_2)
FNDA:0,(anonymous_3)
FNDA:2,(anonymous_4)
FNDA:3,(anonymous_5)
FNDA:0,(anonymous_6)
FNDA:0,(anonymous_7)
FNDA:0,(anonymous_8)
FNDA:0,(anonymous_9)
DA:12,2
DA:15,2
DA:17,2
DA:18,2
DA:19,2
DA:20,2
DA:21,3
DA:22,3
DA:23,3
DA:24,3
DA:25,3
DA:26,3
DA:27,1
DA:29,3
DA:30,0
DA:32,3
DA:33,2
DA:34,2
DA:38,2
DA:39,2
DA:41,3
DA:42,3
DA:43,3
DA:44,3
DA:46,1
DA:50,1
DA:53,2
DA:54,1
DA:58,1
DA:60,1
DA:61,1
DA:62,1
DA:66,1
DA:68,0
DA:69,0
DA:75,2
DA:76,2
DA:78,2
DA:79,0
DA:80,0
DA:81,0
DA:82,0
DA:83,0
DA:84,0
DA:88,0
DA:89,0
DA:95,0
DA:97,0
DA:98,0
DA:100,0
DA:101,0
LF:51
LH:35
BRDA:44,0,0,1
BRDA:44,0,1,2
BRDA:53,1,0,1
BRDA:53,1,1,1
BRDA:61,2,0,1
BRDA:61,2,1,0
BRF:6
BRH:5
end_of_record
TN:
SF:dotenv\expose.cjs
FNF:0
FNH:0
DA:2,1
LF:1
LH:1
BRF:0
BRH:0
end_of_record
TN:
SF:dotenv\index.js
FN:5,(anonymous_0)
FNF:1
FNH:1
FNDA:2,(anonymous_0)
DA:4,1
DA:6,2
DA:8,0
DA:9,0
DA:11,2
DA:12,2
DA:14,0
DA:15,0
DA:17,2
LF:9
LH:5
BRDA:6,0,0,0
BRDA:6,0,1,2
BRDA:6,0,2,0
BRF:3
BRH:1
end_of_record
TN:
SF:middlewares\apiAuthMiddleware.js
FN:1,(anonymous_0)
FN:11,(anonymous_1)
FNF:2
FNH:1
FNDA:0,(anonymous_0)
FNDA:6,(anonymous_1)
DA:1,1
DA:2,0
DA:3,0
DA:5,0
DA:11,1
DA:12,6
DA:13,6
DA:15,0
LF:8
LH:4
BRDA:2,0,0,0
BRDA:2,0,1,0
BRDA:12,1,0,6
BRDA:12,1,1,0
BRF:4
BRH:1
end_of_record
TN:
SF:middlewares\sessionMiddleware.js
FNF:0
FNH:0
DA:3,1
DA:4,1
LF:2
LH:2
BRF:0
BRH:0
end_of_record
TN:
SF:middlewares\socketAuthMiddleware.js
FN:1,(anonymous_0)
FN:11,(anonymous_1)
FNF:2
FNH:1
FNDA:4,(anonymous_0)
FNDA:0,(anonymous_1)
DA:1,1
DA:2,4
DA:3,3
DA:5,1
DA:11,1
DA:12,0
DA:13,0
DA:15,0
LF:8
LH:5
BRDA:2,0,0,3
BRDA:2,0,1,1
BRDA:12,1,0,0
BRDA:12,1,1,0
BRF:4
BRH:2
end_of_record
TN:
SF:middlewares\viewAuthMiddleware.js
FN:1,(anonymous_0)
FN:8,(anonymous_1)
FNF:2
FNH:0
FNDA:0,(anonymous_0)
FNDA:0,(anonymous_1)
DA:1,1
DA:2,0
DA:3,0
DA:5,0
DA:8,1
DA:9,0
DA:10,0
DA:12,0
LF:8
LH:2
BRDA:2,0,0,0
BRDA:2,0,1,0
BRDA:9,1,0,0
BRDA:9,1,1,0
BRF:4
BRH:0
end_of_record
TN:
SF:passport\index.js
FN:5,(anonymous_0)
FN:6,(anonymous_1)
FN:10,(anonymous_2)
FNF:3
FNH:3
FNDA:1,(anonymous_0)
FNDA:3,(anonymous_1)
FNDA:15,(anonymous_2)
DA:5,1
DA:6,1
DA:7,3
DA:10,1
DA:11,15
DA:12,15
DA:13,15
DA:15,0
DA:19,1
LF:9
LH:8
BRF:0
BRH:0
end_of_record
TN:
SF:passport\localStrategy.js
FN:6,(anonymous_0)
FN:10,(anonymous_1)
FNF:2
FNH:2
FNDA:1,(anonymous_0)
FNDA:3,(anonymous_1)
DA:6,1
DA:7,1
DA:11,3
DA:12,3
DA:13,3
DA:14,3
DA:15,3
DA:16,3
DA:18,0
DA:21,0
DA:24,0
DA:25,0
LF:12
LH:8
BRDA:13,0,0,3
BRDA:13,0,1,0
BRDA:15,1,0,3
BRDA:15,1,1,0
BRF:4
BRH:2
end_of_record
TN:
SF:routes\dirname.cjs
FNF:0
FNH:0
DA:1,1
LF:1
LH:1
BRF:0
BRH:0
end_of_record
TN:
SF:routes\user.js
FN:9,(anonymous_0)
FN:32,(anonymous_1)
FN:33,(anonymous_2)
FN:41,(anonymous_3)
FN:50,(anonymous_4)
FNF:5
FNH:4
FNDA:3,(anonymous_0)
FNDA:3,(anonymous_1)
FNDA:3,(anonymous_2)
FNDA:3,(anonymous_3)
FNDA:0,(anonymous_4)
DA:7,1
DA:9,1
DA:10,3
DA:11,3
DA:12,3
DA:16,3
DA:17,3
DA:19,0
DA:20,0
DA:26,3
DA:32,1
DA:33,3
DA:34,3
DA:35,0
DA:36,0
DA:38,3
DA:39,0
DA:41,3
DA:42,3
DA:43,0
DA:45,3
DA:50,1
DA:51,0
DA:52,0
LF:24
LH:16
BRDA:19,0,0,0
BRDA:19,0,1,0
BRDA:19,1,0,0
BRDA:19,1,1,0
BRDA:34,2,0,0
BRDA:34,2,1,3
BRDA:38,3,0,0
BRDA:38,3,1,3
BRDA:42,4,0,0
BRDA:42,4,1,3
BRF:10
BRH:3
end_of_record
TN:
SF:routes\view.js
FN:9,(anonymous_0)
FN:13,(anonymous_1)
FN:17,(anonymous_2)
FN:21,(anonymous_3)
FNF:4
FNH:0
FNDA:0,(anonymous_0)
FNDA:0,(anonymous_1)
FNDA:0,(anonymous_2)
FNDA:0,(anonymous_3)
DA:5,1
DA:6,1
DA:9,1
DA:10,0
DA:13,1
DA:14,0
DA:17,1
DA:18,0
DA:21,1
DA:22,0
LF:10
LH:6
BRF:0
BRH:0
end_of_record
TN:
SF:schemas\index.js
FN:3,(anonymous_0)
FN:5,(anonymous_1)
FN:8,(anonymous_2)
FN:11,(anonymous_3)
FN:14,(anonymous_4)
FN:20,(anonymous_5)
FNF:6
FNH:2
FNDA:1,(anonymous_0)
FNDA:1,(anonymous_1)
FNDA:0,(anonymous_2)
FNDA:0,(anonymous_3)
FNDA:0,(anonymous_4)
FNDA:0,(anonymous_5)
DA:3,1
DA:4,1
DA:6,1
DA:9,0
DA:11,1
DA:12,0
DA:14,1
DA:15,0
DA:16,0
DA:20,1
DA:21,0
LF:11
LH:6
BRF:0
BRH:0
end_of_record
TN:
SF:schemas\room.js
FNF:0
FNH:0
DA:3,1
DA:5,1
DA:16,1
LF:3
LH:3
BRF:0
BRH:0
end_of_record
TN:
SF:schemas\user.js
FNF:0
FNH:0
DA:3,1
DA:5,1
DA:17,1
LF:3
LH:3
BRF:0
BRH:0
end_of_record
