TN:
SF:server.js
FN:30,(anonymous_0)
FNF:1
FNH:0
FNDA:0,(anonymous_0)
DA:12,1
DA:13,1
DA:14,1
DA:15,0
DA:17,1
DA:19,1
DA:21,1
DA:23,1
DA:24,1
DA:25,1
DA:26,1
DA:27,1
DA:28,1
DA:29,1
DA:30,1
DA:31,0
DA:32,0
LF:17
LH:14
BRDA:14,0,0,0
BRDA:14,0,1,1
BRF:2
BRH:1
end_of_record
TN:
SF:socket.js
FN:11,(anonymous_0)
FN:20,(anonymous_1)
FN:26,(anonymous_2)
FN:30,(anonymous_3)
FN:33,(anonymous_4)
FN:42,(anonymous_5)
FN:79,(anonymous_6)
FN:93,(anonymous_7)
FN:116,(anonymous_8)
FN:119,(anonymous_9)
FNF:10
FNH:6
FNDA:3,(anonymous_0)
FNDA:4,(anonymous_1)
FNDA:3,(anonymous_2)
FNDA:0,(anonymous_3)
FNDA:3,(anonymous_4)
FNDA:3,(anonymous_5)
FNDA:1,(anonymous_6)
FNDA:0,(anonymous_7)
FNDA:0,(anonymous_8)
FNDA:0,(anonymous_9)
DA:12,3
DA:15,3
DA:17,3
DA:18,3
DA:19,3
DA:20,3
DA:21,4
DA:22,4
DA:23,4
DA:24,4
DA:25,4
DA:26,4
DA:27,3
DA:30,4
DA:31,0
DA:33,4
DA:34,3
DA:35,3
DA:39,3
DA:40,3
DA:42,4
DA:43,3
DA:44,3
DA:45,3
DA:47,1
DA:51,1
DA:54,2
DA:55,1
DA:59,1
DA:61,1
DA:62,1
DA:63,1
DA:67,1
DA:69,0
DA:70,0
DA:76,3
DA:77,3
DA:79,3
DA:80,1
DA:81,1
DA:82,1
DA:83,1
DA:84,1
DA:85,1
DA:86,1
DA:87,1
DA:88,1
DA:89,1
DA:93,1
DA:94,0
DA:100,0
DA:101,0
DA:102,0
DA:104,0
DA:105,0
DA:106,0
DA:107,0
DA:112,0
DA:116,1
DA:117,0
DA:119,1
DA:120,0
LF:62
LH:48
BRDA:45,0,0,1
BRDA:45,0,1,2
BRDA:54,1,0,1
BRDA:54,1,1,1
BRDA:62,2,0,1
BRDA:62,2,1,0
BRDA:101,3,0,0
BRDA:101,3,1,0
BRDA:104,4,0,0
BRDA:104,4,1,0
BRDA:106,5,0,0
BRDA:106,5,1,0
BRF:12
BRH:5
end_of_record
TN:
SF:dotenv\expose.cjs
FNF:0
FNH:0
DA:2,1
LF:1
LH:1
BRF:0
BRH:0
end_of_record
TN:
SF:dotenv\index.js
FN:5,(anonymous_0)
FNF:1
FNH:1
FNDA:2,(anonymous_0)
DA:4,1
DA:6,2
DA:8,0
DA:9,0
DA:11,2
DA:12,2
DA:14,0
DA:15,0
DA:17,2
LF:9
LH:5
BRDA:6,0,0,0
BRDA:6,0,1,2
BRDA:6,0,2,0
BRF:3
BRH:1
end_of_record
TN:
SF:middlewares\apiAuthMiddleware.js
FN:1,(anonymous_0)
FN:11,(anonymous_1)
FNF:2
FNH:1
FNDA:0,(anonymous_0)
FNDA:10,(anonymous_1)
DA:1,1
DA:2,0
DA:3,0
DA:5,0
DA:11,1
DA:12,10
DA:13,10
DA:15,0
LF:8
LH:4
BRDA:2,0,0,0
BRDA:2,0,1,0
BRDA:12,1,0,10
BRDA:12,1,1,0
BRF:4
BRH:1
end_of_record
TN:
SF:middlewares\sessionMiddleware.js
FNF:0
FNH:0
DA:3,1
DA:4,1
LF:2
LH:2
BRF:0
BRH:0
end_of_record
TN:
SF:middlewares\socketAuthMiddleware.js
FN:1,(anonymous_0)
FN:15,(anonymous_1)
FNF:2
FNH:1
FNDA:6,(anonymous_0)
FNDA:0,(anonymous_1)
DA:1,1
DA:2,6
DA:3,6
DA:4,6
DA:5,6
DA:6,5
DA:9,1
DA:15,1
DA:16,0
DA:17,0
DA:19,0
LF:11
LH:8
BRDA:5,0,0,5
BRDA:5,0,1,1
BRDA:16,1,0,0
BRDA:16,1,1,0
BRF:4
BRH:2
end_of_record
TN:
SF:middlewares\viewAuthMiddleware.js
FN:1,(anonymous_0)
FN:8,(anonymous_1)
FNF:2
FNH:0
FNDA:0,(anonymous_0)
FNDA:0,(anonymous_1)
DA:1,1
DA:2,0
DA:3,0
DA:5,0
DA:8,1
DA:9,0
DA:10,0
DA:12,0
LF:8
LH:2
BRDA:2,0,0,0
BRDA:2,0,1,0
BRDA:9,1,0,0
BRDA:9,1,1,0
BRF:4
BRH:0
end_of_record
TN:
SF:passport\index.js
FN:5,(anonymous_0)
FN:6,(anonymous_1)
FN:10,(anonymous_2)
FNF:3
FNH:3
FNDA:1,(anonymous_0)
FNDA:5,(anonymous_1)
FNDA:29,(anonymous_2)
DA:5,1
DA:6,1
DA:7,5
DA:10,1
DA:11,29
DA:12,29
DA:13,28
DA:15,0
DA:19,1
LF:9
LH:8
BRF:0
BRH:0
end_of_record
TN:
SF:passport\localStrategy.js
FN:6,(anonymous_0)
FN:10,(anonymous_1)
FNF:2
FNH:2
FNDA:1,(anonymous_0)
FNDA:5,(anonymous_1)
DA:6,1
DA:7,1
DA:11,5
DA:12,5
DA:13,5
DA:14,5
DA:15,5
DA:16,5
DA:18,0
DA:21,0
DA:24,0
DA:25,0
LF:12
LH:8
BRDA:13,0,0,5
BRDA:13,0,1,0
BRDA:15,1,0,5
BRDA:15,1,1,0
BRF:4
BRH:2
end_of_record
TN:
SF:routes\dirname.cjs
FNF:0
FNH:0
DA:1,1
LF:1
LH:1
BRF:0
BRH:0
end_of_record
TN:
SF:routes\user.js
FN:9,(anonymous_0)
FN:32,(anonymous_1)
FN:33,(anonymous_2)
FN:41,(anonymous_3)
FN:50,(anonymous_4)
FNF:5
FNH:4
FNDA:5,(anonymous_0)
FNDA:5,(anonymous_1)
FNDA:5,(anonymous_2)
FNDA:5,(anonymous_3)
FNDA:0,(anonymous_4)
DA:7,1
DA:9,1
DA:10,5
DA:11,5
DA:12,5
DA:16,5
DA:17,5
DA:19,0
DA:20,0
DA:26,5
DA:32,1
DA:33,5
DA:34,5
DA:35,0
DA:36,0
DA:38,5
DA:39,0
DA:41,5
DA:42,5
DA:43,0
DA:45,5
DA:50,1
DA:51,0
DA:52,0
LF:24
LH:16
BRDA:19,0,0,0
BRDA:19,0,1,0
BRDA:19,1,0,0
BRDA:19,1,1,0
BRDA:34,2,0,0
BRDA:34,2,1,5
BRDA:38,3,0,0
BRDA:38,3,1,5
BRDA:42,4,0,0
BRDA:42,4,1,5
BRF:10
BRH:3
end_of_record
TN:
SF:routes\view.js
FN:9,(anonymous_0)
FN:13,(anonymous_1)
FN:17,(anonymous_2)
FN:21,(anonymous_3)
FNF:4
FNH:0
FNDA:0,(anonymous_0)
FNDA:0,(anonymous_1)
FNDA:0,(anonymous_2)
FNDA:0,(anonymous_3)
DA:5,1
DA:6,1
DA:9,1
DA:10,0
DA:13,1
DA:14,0
DA:17,1
DA:18,0
DA:21,1
DA:22,0
LF:10
LH:6
BRF:0
BRH:0
end_of_record
TN:
SF:schemas\index.js
FN:3,(anonymous_0)
FN:5,(anonymous_1)
FN:8,(anonymous_2)
FN:11,(anonymous_3)
FN:14,(anonymous_4)
FN:20,(anonymous_5)
FNF:6
FNH:2
FNDA:1,(anonymous_0)
FNDA:1,(anonymous_1)
FNDA:0,(anonymous_2)
FNDA:0,(anonymous_3)
FNDA:0,(anonymous_4)
FNDA:0,(anonymous_5)
DA:3,1
DA:4,1
DA:6,1
DA:9,0
DA:11,1
DA:12,0
DA:14,1
DA:15,0
DA:16,0
DA:20,1
DA:21,0
LF:11
LH:6
BRF:0
BRH:0
end_of_record
TN:
SF:schemas\room.js
FNF:0
FNH:0
DA:3,1
DA:5,1
DA:16,1
LF:3
LH:3
BRF:0
BRH:0
end_of_record
TN:
SF:schemas\user.js
FNF:0
FNH:0
DA:3,1
DA:5,1
DA:17,1
LF:3
LH:3
BRF:0
BRH:0
end_of_record
